cl : 명령줄 warning D9035: 'Gm' 옵션은 더 이상 사용되지 않으므로 이후 릴리스에서 제거될 예정입니다.
  virtualLego.cpp
C:\Users\mj043\Desktop\객체지향프로그래밍\소스코드\OOP-Proj3\d3dUtility.h(23,1): warning C4005: 'INFINITY': 매크로 재정의
C:\Program Files (x86)\Windows Kits\10\Include\10.0.19041.0\ucrt\corecrt_math.h(88): message : 'INFINITY'의 이전 정의를 참조하십시오.
C:\Users\mj043\Desktop\객체지향프로그래밍\소스코드\OOP-Proj3\Status.h(21,3): warning C4996: 'strcpy': This function or variable may be unsafe. Consider using strcpy_s instead. To disable deprecation, use _CRT_SECURE_NO_WARNINGS. See online help for details.
C:\Users\mj043\Desktop\객체지향프로그래밍\소스코드\OOP-Proj3\Status.h(56,65): warning C4290: 함수가 __declspec(nothrow)가 아님을 나타내려는 경우를 제외하고 C++ 예외 사양은 무시됩니다.
C:\Users\mj043\Desktop\객체지향프로그래밍\소스코드\OOP-Proj3\virtualLego.cpp(170,5): warning C4305: '인수': 'double'에서 'float'(으)로 잘립니다.
C:\Users\mj043\Desktop\객체지향프로그래밍\소스코드\OOP-Proj3\virtualLego.cpp(172,5): warning C4305: '인수': 'double'에서 'float'(으)로 잘립니다.
C:\Users\mj043\Desktop\객체지향프로그래밍\소스코드\OOP-Proj3\virtualLego.cpp(431,17): warning C4244: '=': 'int'에서 'float'(으)로 변환하면서 데이터가 손실될 수 있습니다.
C:\Users\mj043\Desktop\객체지향프로그래밍\소스코드\OOP-Proj3\virtualLego.cpp(432,17): warning C4244: '=': 'int'에서 'float'(으)로 변환하면서 데이터가 손실될 수 있습니다.
  TurnManager.cpp
C:\Users\mj043\Desktop\객체지향프로그래밍\소스코드\OOP-Proj3\d3dUtility.h(23,1): warning C4005: 'INFINITY': 매크로 재정의
C:\Program Files (x86)\Windows Kits\10\Include\10.0.19041.0\ucrt\corecrt_math.h(88): message : 'INFINITY'의 이전 정의를 참조하십시오.
C:\Users\mj043\Desktop\객체지향프로그래밍\소스코드\OOP-Proj3\Status.h(21,3): warning C4996: 'strcpy': This function or variable may be unsafe. Consider using strcpy_s instead. To disable deprecation, use _CRT_SECURE_NO_WARNINGS. See online help for details.
C:\Users\mj043\Desktop\객체지향프로그래밍\소스코드\OOP-Proj3\Status.h(56,65): warning C4290: 함수가 __declspec(nothrow)가 아님을 나타내려는 경우를 제외하고 C++ 예외 사양은 무시됩니다.
  status.cpp
C:\Users\mj043\Desktop\객체지향프로그래밍\소스코드\OOP-Proj3\d3dUtility.h(23,1): warning C4005: 'INFINITY': 매크로 재정의
C:\Program Files (x86)\Windows Kits\10\Include\10.0.19041.0\ucrt\corecrt_math.h(88): message : 'INFINITY'의 이전 정의를 참조하십시오.
C:\Users\mj043\Desktop\객체지향프로그래밍\소스코드\OOP-Proj3\Status.h(21,3): warning C4996: 'strcpy': This function or variable may be unsafe. Consider using strcpy_s instead. To disable deprecation, use _CRT_SECURE_NO_WARNINGS. See online help for details.
C:\Users\mj043\Desktop\객체지향프로그래밍\소스코드\OOP-Proj3\Status.h(56,65): warning C4290: 함수가 __declspec(nothrow)가 아님을 나타내려는 경우를 제외하고 C++ 예외 사양은 무시됩니다.
  Player.cpp
C:\Users\mj043\Desktop\객체지향프로그래밍\소스코드\OOP-Proj3\d3dUtility.h(23,1): warning C4005: 'INFINITY': 매크로 재정의
C:\Program Files (x86)\Windows Kits\10\Include\10.0.19041.0\ucrt\corecrt_math.h(88): message : 'INFINITY'의 이전 정의를 참조하십시오.
  FoulManager.cpp
C:\Users\mj043\Desktop\객체지향프로그래밍\소스코드\OOP-Proj3\d3dUtility.h(23,1): warning C4005: 'INFINITY': 매크로 재정의
C:\Program Files (x86)\Windows Kits\10\Include\10.0.19041.0\ucrt\corecrt_math.h(88): message : 'INFINITY'의 이전 정의를 참조하십시오.
C:\Users\mj043\Desktop\객체지향프로그래밍\소스코드\OOP-Proj3\Status.h(21,3): warning C4996: 'strcpy': This function or variable may be unsafe. Consider using strcpy_s instead. To disable deprecation, use _CRT_SECURE_NO_WARNINGS. See online help for details.
C:\Users\mj043\Desktop\객체지향프로그래밍\소스코드\OOP-Proj3\Status.h(56,65): warning C4290: 함수가 __declspec(nothrow)가 아님을 나타내려는 경우를 제외하고 C++ 예외 사양은 무시됩니다.
C:\Users\mj043\Desktop\객체지향프로그래밍\소스코드\OOP-Proj3\FoulManager.cpp(43,80): warning C4244: '인수': 'int'에서 'float'(으)로 변환하면서 데이터가 손실될 수 있습니다.
C:\Users\mj043\Desktop\객체지향프로그래밍\소스코드\OOP-Proj3\FoulManager.cpp(43,38): warning C4244: '인수': 'int'에서 'float'(으)로 변환하면서 데이터가 손실될 수 있습니다.
  dxutil.cpp
C:\Users\mj043\Desktop\객체지향프로그래밍\소스코드\OOP-Proj3\dxutil.cpp(58,9): warning C4996: 'strcat': This function or variable may be unsafe. Consider using strcat_s instead. To disable deprecation, use _CRT_SECURE_NO_WARNINGS. See online help for details.
C:\Users\mj043\Desktop\객체지향프로그래밍\소스코드\OOP-Proj3\dxutil.cpp(110,9): warning C4996: '_tcsncpy': This function or variable may be unsafe. Consider using _tcsncpy_s instead. To disable deprecation, use _CRT_SECURE_NO_WARNINGS. See online help for details.
C:\Users\mj043\Desktop\객체지향프로그래밍\소스코드\OOP-Proj3\dxutil.cpp(134,5): warning C4996: '_tcsncpy': This function or variable may be unsafe. Consider using _tcsncpy_s instead. To disable deprecation, use _CRT_SECURE_NO_WARNINGS. See online help for details.
C:\Users\mj043\Desktop\객체지향프로그래밍\소스코드\OOP-Proj3\dxutil.cpp(158,9): warning C4996: '_tcsncpy': This function or variable may be unsafe. Consider using _tcsncpy_s instead. To disable deprecation, use _CRT_SECURE_NO_WARNINGS. See online help for details.
C:\Users\mj043\Desktop\객체지향프로그래밍\소스코드\OOP-Proj3\dxutil.cpp(578,5): warning C4996: 'strncpy': This function or variable may be unsafe. Consider using strncpy_s instead. To disable deprecation, use _CRT_SECURE_NO_WARNINGS. See online help for details.
C:\Users\mj043\Desktop\객체지향프로그래밍\소스코드\OOP-Proj3\dxutil.cpp(628,5): warning C4996: 'strncpy': This function or variable may be unsafe. Consider using strncpy_s instead. To disable deprecation, use _CRT_SECURE_NO_WARNINGS. See online help for details.
C:\Users\mj043\Desktop\객체지향프로그래밍\소스코드\OOP-Proj3\dxutil.cpp(709,17): warning C4996: '_snprintf': This function or variable may be unsafe. Consider using _snprintf_s instead. To disable deprecation, use _CRT_SECURE_NO_WARNINGS. See online help for details.
C:\Users\mj043\Desktop\객체지향프로그래밍\소스코드\OOP-Proj3\dxutil.cpp(728,9): warning C4996: '_tcsncpy': This function or variable may be unsafe. Consider using _tcsncpy_s instead. To disable deprecation, use _CRT_SECURE_NO_WARNINGS. See online help for details.
C:\Users\mj043\Desktop\객체지향프로그래밍\소스코드\OOP-Proj3\dxutil.cpp(743,9): warning C4996: 'strcpy': This function or variable may be unsafe. Consider using strcpy_s instead. To disable deprecation, use _CRT_SECURE_NO_WARNINGS. See online help for details.
C:\Users\mj043\Desktop\객체지향프로그래밍\소스코드\OOP-Proj3\dxutil.cpp(758,9): warning C4996: 'strcpy': This function or variable may be unsafe. Consider using strcpy_s instead. To disable deprecation, use _CRT_SECURE_NO_WARNINGS. See online help for details.
C:\Users\mj043\Desktop\객체지향프로그래밍\소스코드\OOP-Proj3\dxutil.cpp(767,9): warning C4996: 'strcpy': This function or variable may be unsafe. Consider using strcpy_s instead. To disable deprecation, use _CRT_SECURE_NO_WARNINGS. See online help for details.
C:\Users\mj043\Desktop\객체지향프로그래밍\소스코드\OOP-Proj3\dxutil.cpp(779,9): warning C4996: 'strcpy': This function or variable may be unsafe. Consider using strcpy_s instead. To disable deprecation, use _CRT_SECURE_NO_WARNINGS. See online help for details.
C:\Users\mj043\Desktop\객체지향프로그래밍\소스코드\OOP-Proj3\dxutil.cpp(840,5): warning C4996: '_vsnprintf': This function or variable may be unsafe. Consider using _vsnprintf_s instead. To disable deprecation, use _CRT_SECURE_NO_WARNINGS. See online help for details.
C:\Users\mj043\Desktop\객체지향프로그래밍\소스코드\OOP-Proj3\dxutil.cpp(860,9): warning C4996: 'sscanf': This function or variable may be unsafe. Consider using sscanf_s instead. To disable deprecation, use _CRT_SECURE_NO_WARNINGS. See online help for details.
C:\Users\mj043\Desktop\객체지향프로그래밍\소스코드\OOP-Proj3\dxutil.cpp(898,19): warning C4996: '_snprintf': This function or variable may be unsafe. Consider using _snprintf_s instead. To disable deprecation, use _CRT_SECURE_NO_WARNINGS. See online help for details.
  DisplayGameStatus.cpp
C:\Users\mj043\Desktop\객체지향프로그래밍\소스코드\OOP-Proj3\d3dUtility.h(23,1): warning C4005: 'INFINITY': 매크로 재정의
C:\Program Files (x86)\Windows Kits\10\Include\10.0.19041.0\ucrt\corecrt_math.h(88): message : 'INFINITY'의 이전 정의를 참조하십시오.
C:\Users\mj043\Desktop\객체지향프로그래밍\소스코드\OOP-Proj3\status.h(21,3): warning C4996: 'strcpy': This function or variable may be unsafe. Consider using strcpy_s instead. To disable deprecation, use _CRT_SECURE_NO_WARNINGS. See online help for details.
C:\Users\mj043\Desktop\객체지향프로그래밍\소스코드\OOP-Proj3\status.h(56,65): warning C4290: 함수가 __declspec(nothrow)가 아님을 나타내려는 경우를 제외하고 C++ 예외 사양은 무시됩니다.
C:\Users\mj043\Desktop\객체지향프로그래밍\소스코드\OOP-Proj3\DisplayGameStatus.cpp(21,28): warning C4154: 배열 식을 삭제했습니다. 포인터로 변환이 제공됩니다.
C:\Users\mj043\Desktop\객체지향프로그래밍\소스코드\OOP-Proj3\DisplayGameStatus.cpp(96,82): warning C4305: '인수': '__int64'에서 'DWORD'(으)로 잘립니다.
C:\Users\mj043\Desktop\객체지향프로그래밍\소스코드\OOP-Proj3\DisplayGameStatus.cpp(96,42): warning C4309: '인수': 상수 값이 잘립니다.
C:\Users\mj043\Desktop\객체지향프로그래밍\소스코드\OOP-Proj3\DisplayGameStatus.cpp(97,46): warning C4244: '인수': 'int'에서 'FLOAT'(으)로 변환하면서 데이터가 손실될 수 있습니다.
C:\Users\mj043\Desktop\객체지향프로그래밍\소스코드\OOP-Proj3\DisplayGameStatus.cpp(102,46): warning C4244: '인수': 'int'에서 'FLOAT'(으)로 변환하면서 데이터가 손실될 수 있습니다.
C:\Users\mj043\Desktop\객체지향프로그래밍\소스코드\OOP-Proj3\DisplayGameStatus.cpp(106,86): warning C4305: '인수': '__int64'에서 'DWORD'(으)로 잘립니다.
C:\Users\mj043\Desktop\객체지향프로그래밍\소스코드\OOP-Proj3\DisplayGameStatus.cpp(106,41): warning C4309: '인수': 상수 값이 잘립니다.
C:\Users\mj043\Desktop\객체지향프로그래밍\소스코드\OOP-Proj3\DisplayGameStatus.cpp(107,101): warning C4305: '인수': '__int64'에서 'DWORD'(으)로 잘립니다.
C:\Users\mj043\Desktop\객체지향프로그래밍\소스코드\OOP-Proj3\DisplayGameStatus.cpp(107,56): warning C4309: '인수': 상수 값이 잘립니다.
C:\Users\mj043\Desktop\객체지향프로그래밍\소스코드\OOP-Proj3\DisplayGameStatus.cpp(107,45): warning C4244: '인수': 'int'에서 'FLOAT'(으)로 변환하면서 데이터가 손실될 수 있습니다.
C:\Users\mj043\Desktop\객체지향프로그래밍\소스코드\OOP-Proj3\DisplayGameStatus.cpp(109,85): warning C4305: '인수': '__int64'에서 'DWORD'(으)로 잘립니다.
C:\Users\mj043\Desktop\객체지향프로그래밍\소스코드\OOP-Proj3\DisplayGameStatus.cpp(109,41): warning C4309: '인수': 상수 값이 잘립니다.
C:\Users\mj043\Desktop\객체지향프로그래밍\소스코드\OOP-Proj3\DisplayGameStatus.cpp(110,100): warning C4305: '인수': '__int64'에서 'DWORD'(으)로 잘립니다.
C:\Users\mj043\Desktop\객체지향프로그래밍\소스코드\OOP-Proj3\DisplayGameStatus.cpp(110,56): warning C4309: '인수': 상수 값이 잘립니다.
C:\Users\mj043\Desktop\객체지향프로그래밍\소스코드\OOP-Proj3\DisplayGameStatus.cpp(110,45): warning C4244: '인수': 'int'에서 'FLOAT'(으)로 변환하면서 데이터가 손실될 수 있습니다.
C:\Users\mj043\Desktop\객체지향프로그래밍\소스코드\OOP-Proj3\DisplayGameStatus.cpp(112,91): warning C4305: '인수': '__int64'에서 'DWORD'(으)로 잘립니다.
C:\Users\mj043\Desktop\객체지향프로그래밍\소스코드\OOP-Proj3\DisplayGameStatus.cpp(112,54): warning C4309: '인수': 상수 값이 잘립니다.
C:\Users\mj043\Desktop\객체지향프로그래밍\소스코드\OOP-Proj3\DisplayGameStatus.cpp(112,45): warning C4244: '인수': 'int'에서 'FLOAT'(으)로 변환하면서 데이터가 손실될 수 있습니다.
  d3dUtility.cpp
C:\Users\mj043\Desktop\객체지향프로그래밍\소스코드\OOP-Proj3\d3dUtility.h(23,1): warning C4005: 'INFINITY': 매크로 재정의
C:\Program Files (x86)\Windows Kits\10\Include\10.0.19041.0\ucrt\corecrt_math.h(88): message : 'INFINITY'의 이전 정의를 참조하십시오.
  d3dutil.cpp
  d3dfont.cpp
C:\Users\mj043\Desktop\객체지향프로그래밍\소스코드\OOP-Proj3\d3dfont.cpp(51,5): warning C4996: '_tcsncpy': This function or variable may be unsafe. Consider using _tcsncpy_s instead. To disable deprecation, use _CRT_SECURE_NO_WARNINGS. See online help for details.
  CWall.cpp
C:\Users\mj043\Desktop\객체지향프로그래밍\소스코드\OOP-Proj3\d3dUtility.h(23,1): warning C4005: 'INFINITY': 매크로 재정의
C:\Program Files (x86)\Windows Kits\10\Include\10.0.19041.0\ucrt\corecrt_math.h(88): message : 'INFINITY'의 이전 정의를 참조하십시오.
C:\Users\mj043\Desktop\객체지향프로그래밍\소스코드\OOP-Proj3\CWall.cpp(11,38): warning C4305: '초기화 중': 'double'에서 'float'(으)로 잘립니다.
C:\Users\mj043\Desktop\객체지향프로그래밍\소스코드\OOP-Proj3\CWall.cpp(85,53): warning C4305: 'return': 'double'에서 'float'(으)로 잘립니다.
C:\Users\mj043\Desktop\객체지향프로그래밍\소스코드\OOP-Proj3\CWall.cpp(92,143): warning C4244: '인수': 'double'에서 'float'(으)로 변환하면서 데이터가 손실될 수 있습니다.
C:\Users\mj043\Desktop\객체지향프로그래밍\소스코드\OOP-Proj3\CWall.cpp(92,69): warning C4244: '인수': 'double'에서 'float'(으)로 변환하면서 데이터가 손실될 수 있습니다.
C:\Users\mj043\Desktop\객체지향프로그래밍\소스코드\OOP-Proj3\CWall.cpp(95,90): warning C4244: '인수': 'double'에서 'float'(으)로 변환하면서 데이터가 손실될 수 있습니다.
C:\Users\mj043\Desktop\객체지향프로그래밍\소스코드\OOP-Proj3\CWall.cpp(95,45): warning C4244: '인수': 'double'에서 'float'(으)로 변환하면서 데이터가 손실될 수 있습니다.
  CTopWall.cpp
C:\Users\mj043\Desktop\객체지향프로그래밍\소스코드\OOP-Proj3\d3dUtility.h(23,1): warning C4005: 'INFINITY': 매크로 재정의
C:\Program Files (x86)\Windows Kits\10\Include\10.0.19041.0\ucrt\corecrt_math.h(88): message : 'INFINITY'의 이전 정의를 참조하십시오.
  Csphere.cpp
C:\Users\mj043\Desktop\객체지향프로그래밍\소스코드\OOP-Proj3\d3dUtility.h(23,1): warning C4005: 'INFINITY': 매크로 재정의
C:\Program Files (x86)\Windows Kits\10\Include\10.0.19041.0\ucrt\corecrt_math.h(88): message : 'INFINITY'의 이전 정의를 참조하십시오.
C:\Users\mj043\Desktop\객체지향프로그래밍\소스코드\OOP-Proj3\Status.h(21,3): warning C4996: 'strcpy': This function or variable may be unsafe. Consider using strcpy_s instead. To disable deprecation, use _CRT_SECURE_NO_WARNINGS. See online help for details.
C:\Users\mj043\Desktop\객체지향프로그래밍\소스코드\OOP-Proj3\Status.h(56,65): warning C4290: 함수가 __declspec(nothrow)가 아님을 나타내려는 경우를 제외하고 C++ 예외 사양은 무시됩니다.
C:\Users\mj043\Desktop\객체지향프로그래밍\소스코드\OOP-Proj3\Csphere.cpp(31,27): warning C4305: '=': 'double'에서 'float'(으)로 잘립니다.
C:\Users\mj043\Desktop\객체지향프로그래밍\소스코드\OOP-Proj3\Csphere.cpp(139,30): warning C4305: '초기화 중': 'double'에서 'float'(으)로 잘립니다.
C:\Users\mj043\Desktop\객체지향프로그래밍\소스코드\OOP-Proj3\Csphere.cpp(149,32): warning C4305: '초기화 중': 'double'에서 'float'(으)로 잘립니다.
C:\Users\mj043\Desktop\객체지향프로그래밍\소스코드\OOP-Proj3\Csphere.cpp(159,15): warning C4244: '초기화 중': 'double'에서 'float'(으)로 변환하면서 데이터가 손실될 수 있습니다.
C:\Users\mj043\Desktop\객체지향프로그래밍\소스코드\OOP-Proj3\Csphere.cpp(174,23): warning C4244: '=': 'double'에서 'float'(으)로 변환하면서 데이터가 손실될 수 있습니다.
C:\Users\mj043\Desktop\객체지향프로그래밍\소스코드\OOP-Proj3\Csphere.cpp(175,23): warning C4244: '=': 'double'에서 'float'(으)로 변환하면서 데이터가 손실될 수 있습니다.
  CRightWall.cpp
C:\Users\mj043\Desktop\객체지향프로그래밍\소스코드\OOP-Proj3\d3dUtility.h(23,1): warning C4005: 'INFINITY': 매크로 재정의
C:\Program Files (x86)\Windows Kits\10\Include\10.0.19041.0\ucrt\corecrt_math.h(88): message : 'INFINITY'의 이전 정의를 참조하십시오.
  CLight.cpp
C:\Users\mj043\Desktop\객체지향프로그래밍\소스코드\OOP-Proj3\d3dUtility.h(23,1): warning C4005: 'INFINITY': 매크로 재정의
C:\Program Files (x86)\Windows Kits\10\Include\10.0.19041.0\ucrt\corecrt_math.h(88): message : 'INFINITY'의 이전 정의를 참조하십시오.
  CLeftWall.cpp
C:\Users\mj043\Desktop\객체지향프로그래밍\소스코드\OOP-Proj3\d3dUtility.h(23,1): warning C4005: 'INFINITY': 매크로 재정의
C:\Program Files (x86)\Windows Kits\10\Include\10.0.19041.0\ucrt\corecrt_math.h(88): message : 'INFINITY'의 이전 정의를 참조하십시오.
  CHole.cpp
C:\Users\mj043\Desktop\객체지향프로그래밍\소스코드\OOP-Proj3\d3dUtility.h(23,1): warning C4005: 'INFINITY': 매크로 재정의
C:\Program Files (x86)\Windows Kits\10\Include\10.0.19041.0\ucrt\corecrt_math.h(88): message : 'INFINITY'의 이전 정의를 참조하십시오.
  CHandSphere.cpp
C:\Users\mj043\Desktop\객체지향프로그래밍\소스코드\OOP-Proj3\d3dUtility.h(23,1): warning C4005: 'INFINITY': 매크로 재정의
C:\Program Files (x86)\Windows Kits\10\Include\10.0.19041.0\ucrt\corecrt_math.h(88): message : 'INFINITY'의 이전 정의를 참조하십시오.
  CFloor.cpp
C:\Users\mj043\Desktop\객체지향프로그래밍\소스코드\OOP-Proj3\d3dUtility.h(23,1): warning C4005: 'INFINITY': 매크로 재정의
C:\Program Files (x86)\Windows Kits\10\Include\10.0.19041.0\ucrt\corecrt_math.h(88): message : 'INFINITY'의 이전 정의를 참조하십시오.
C:\Users\mj043\Desktop\객체지향프로그래밍\소스코드\OOP-Proj3\CFloor.cpp(11,39): warning C4305: '초기화 중': 'double'에서 'float'(으)로 잘립니다.
C:\Users\mj043\Desktop\객체지향프로그래밍\소스코드\OOP-Proj3\CFloor.cpp(85,54): warning C4305: 'return': 'double'에서 'float'(으)로 잘립니다.
  CBottomWall.cpp
C:\Users\mj043\Desktop\객체지향프로그래밍\소스코드\OOP-Proj3\d3dUtility.h(23,1): warning C4005: 'INFINITY': 매크로 재정의
C:\Program Files (x86)\Windows Kits\10\Include\10.0.19041.0\ucrt\corecrt_math.h(88): message : 'INFINITY'의 이전 정의를 참조하십시오.
  코드를 생성하고 있습니다...
CBottomWall.obj : warning LNK4075: '/EDITANDCONTINUE'이(가) '/SAFESEH' 사양으로 인해 무시됩니다.
  VirtualLego.vcxproj -> C:\Users\mj043\Desktop\객체지향프로그래밍\소스코드\OOP-Proj3\Debug\VirtualLego.exe
